0 info it worked if it ends with ok
1 verbose cli [ 'C:\\nodejs\\node.exe',
1 verbose cli   'C:\\nodejs\\node_modules\\npm\\bin\\npm-cli.js',
1 verbose cli   'start' ]
2 info using npm@3.3.12
3 info using node@v5.4.1
4 verbose run-script [ 'prestart', 'start', 'poststart' ]
5 info lifecycle platzigram@0.1.0~prestart: platzigram@0.1.0
6 silly lifecycle platzigram@0.1.0~prestart: no script for prestart, continuing
7 info lifecycle platzigram@0.1.0~start: platzigram@0.1.0
8 verbose lifecycle platzigram@0.1.0~start: unsafe-perm in lifecycle true
9 verbose lifecycle platzigram@0.1.0~start: PATH: C:\nodejs\node_modules\npm\bin\node-gyp-bin;C:\PLATZI\005js\platzigram\node_modules\.bin;C:\Users\FelipeAníbal\bin;C:\Program Files\Git\mingw64\bin;C:\Program Files\Git\usr\local\bin;C:\Program Files\Git\usr\bin;C:\Program Files\Git\usr\bin;C:\Program Files\Git\mingw64\bin;C:\Program Files\Git\usr\bin;C:\Users\FelipeAníbal\bin;C:\app\oracle\product\12.1.0\dbhome_1\bin;C:\ProgramData\Oracle\Java\javapath;C:\Program Files (x86)\Intel\iCLS Client;C:\Program Files\Intel\iCLS Client;C:\Windows\system32;C:\Windows;C:\Windows\System32\Wbem;C:\Windows\System32\WindowsPowerShell\v1.0;C:\Program Files\Intel\Intel(R) Management Engine Components\DAL;C:\Program Files\Intel\Intel(R) Management Engine Components\IPT;C:\Program Files (x86)\Intel\Intel(R) Management Engine Components\DAL;C:\Program Files (x86)\Intel\Intel(R) Management Engine Components\IPT;C:\Program Files (x86)\Windows Live\Shared;C:\Program Files (x86)\NVIDIA Corporation\PhysX\Common;C:\Program Files (x86)\Skype\Phone;C:\MongoDB\bin;C:\Program Files\Sublime Text 2;C:\Program Files (x86)\QuickTime\QTSystem;C:\WINDOWS\system32;C:\WINDOWS;C:\WINDOWS\System32\Wbem;C:\WINDOWS\System32\WindowsPowerShell\v1.0;C:\ProgramData\chocolatey\bin;C:\Program Files\Microsoft SQL Server\120\Tools\Binn;C:\Program Files (x86)\Windows Kits\10\Windows Performance Toolkit;C:\xampp\php;C:\ProgramData\ComposerSetup\bin;C:\nodejs;C:\Program Files (x86)\Brackets\command;C:\Python35-32\Scripts;C:\Python35-32;C:\Users\FelipeAníbal\AppData\Roaming\npm;C:\Program Files (x86)\Microsoft VS Code\bin;C:\Program Files\Docker Toolbox;C:\Program Files (x86)\Nmap;C:\Program Files\Git\usr\bin\vendor_perl;C:\Program Files\Git\usr\bin\core_perl
10 verbose lifecycle platzigram@0.1.0~start: CWD: C:\PLATZI\005js\platzigram
11 silly lifecycle platzigram@0.1.0~start: Args: [ '/d /s /c', 'gulp watch | node server.js' ]
12 silly lifecycle platzigram@0.1.0~start: Returned: code: 1  signal: null
13 info lifecycle platzigram@0.1.0~start: Failed to exec start script
14 verbose stack Error: platzigram@0.1.0 start: `gulp watch | node server.js`
14 verbose stack Exit status 1
14 verbose stack     at EventEmitter.<anonymous> (C:\nodejs\node_modules\npm\lib\utils\lifecycle.js:232:16)
14 verbose stack     at emitTwo (events.js:87:13)
14 verbose stack     at EventEmitter.emit (events.js:172:7)
14 verbose stack     at ChildProcess.<anonymous> (C:\nodejs\node_modules\npm\lib\utils\spawn.js:24:14)
14 verbose stack     at emitTwo (events.js:87:13)
14 verbose stack     at ChildProcess.emit (events.js:172:7)
14 verbose stack     at maybeClose (internal/child_process.js:821:16)
14 verbose stack     at Process.ChildProcess._handle.onexit (internal/child_process.js:211:5)
15 verbose pkgid platzigram@0.1.0
16 verbose cwd C:\PLATZI\005js\platzigram
17 error Windows_NT 10.0.10586
18 error argv "C:\\nodejs\\node.exe" "C:\\nodejs\\node_modules\\npm\\bin\\npm-cli.js" "start"
19 error node v5.4.1
20 error npm  v3.3.12
21 error code ELIFECYCLE
22 error platzigram@0.1.0 start: `gulp watch | node server.js`
22 error Exit status 1
23 error Failed at the platzigram@0.1.0 start script 'gulp watch | node server.js'.
23 error Make sure you have the latest version of node.js and npm installed.
23 error If you do, this is most likely a problem with the platzigram package,
23 error not with npm itself.
23 error Tell the author that this fails on your system:
23 error     gulp watch | node server.js
23 error You can get their info via:
23 error     npm owner ls platzigram
23 error There is likely additional logging output above.
24 verbose exit [ 1, true ]
